Performing C SOURCE FILE Test CMAKE_HAVE_LIBC_PTHREAD failed with the following output:
Change Dir: /home/robocomp/robocomp/components/grants-robolab/2021-S1/components/gA/CMakeFiles/CMakeTmp

Run Build Command(s):/usr/bin/make cmTC_dc727/fast && /usr/bin/make  -f CMakeFiles/cmTC_dc727.dir/build.make CMakeFiles/cmTC_dc727.dir/build
make[1]: se entra en el directorio '/home/felix/robocomp/components/grants-robolab/2021-S1/components/gA/CMakeFiles/CMakeTmp'
Building C object CMakeFiles/cmTC_dc727.dir/src.c.o
/usr/bin/cc   -DCMAKE_HAVE_LIBC_PTHREAD   -o CMakeFiles/cmTC_dc727.dir/src.c.o   -c /home/robocomp/robocomp/components/grants-robolab/2021-S1/components/gA/CMakeFiles/CMakeTmp/src.c
Linking C executable cmTC_dc727
/snap/clion/145/bin/cmake/linux/bin/cmake -E cmake_link_script CMakeFiles/cmTC_dc727.dir/link.txt --verbose=1
/usr/bin/cc  -DCMAKE_HAVE_LIBC_PTHREAD    -rdynamic CMakeFiles/cmTC_dc727.dir/src.c.o  -o cmTC_dc727 
/usr/bin/ld: CMakeFiles/cmTC_dc727.dir/src.c.o: en la funci√≥n `main':
src.c:(.text+0x46): referencia a `pthread_create' sin definir
/usr/bin/ld: src.c:(.text+0x52): referencia a `pthread_detach' sin definir
/usr/bin/ld: src.c:(.text+0x5e): referencia a `pthread_cancel' sin definir
/usr/bin/ld: src.c:(.text+0x6f): referencia a `pthread_join' sin definir
collect2: error: ld returned 1 exit status
make[1]: *** [CMakeFiles/cmTC_dc727.dir/build.make:107: cmTC_dc727] Error 1
make[1]: se sale del directorio '/home/felix/robocomp/components/grants-robolab/2021-S1/components/gA/CMakeFiles/CMakeTmp'
make: *** [Makefile:141: cmTC_dc727/fast] Error 2


Source file was:
#include <pthread.h>

void* test_func(void* data)
{
  return data;
}

int main(void)
{
  pthread_t thread;
  pthread_create(&thread, NULL, test_func, NULL);
  pthread_detach(thread);
  pthread_cancel(thread);
  pthread_join(thread, NULL);
  pthread_atfork(NULL, NULL, NULL);
  pthread_exit(NULL);

  return 0;
}

Determining if the function pthread_create exists in the pthreads failed with the following output:
Change Dir: /home/robocomp/robocomp/components/grants-robolab/2021-S1/components/gA/CMakeFiles/CMakeTmp

Run Build Command(s):/usr/bin/make cmTC_39b14/fast && /usr/bin/make  -f CMakeFiles/cmTC_39b14.dir/build.make CMakeFiles/cmTC_39b14.dir/build
make[1]: se entra en el directorio '/home/felix/robocomp/components/grants-robolab/2021-S1/components/gA/CMakeFiles/CMakeTmp'
Building C object CMakeFiles/cmTC_39b14.dir/CheckFunctionExists.c.o
/usr/bin/cc   -DCHECK_FUNCTION_EXISTS=pthread_create   -o CMakeFiles/cmTC_39b14.dir/CheckFunctionExists.c.o   -c /snap/clion/145/bin/cmake/linux/share/cmake-3.17/Modules/CheckFunctionExists.c
Linking C executable cmTC_39b14
/snap/clion/145/bin/cmake/linux/bin/cmake -E cmake_link_script CMakeFiles/cmTC_39b14.dir/link.txt --verbose=1
/usr/bin/cc  -DCHECK_FUNCTION_EXISTS=pthread_create    -rdynamic CMakeFiles/cmTC_39b14.dir/CheckFunctionExists.c.o  -o cmTC_39b14  -lpthreads 
/usr/bin/ld: no se puede encontrar -lpthreads
collect2: error: ld returned 1 exit status
make[1]: *** [CMakeFiles/cmTC_39b14.dir/build.make:107: cmTC_39b14] Error 1
make[1]: se sale del directorio '/home/felix/robocomp/components/grants-robolab/2021-S1/components/gA/CMakeFiles/CMakeTmp'
make: *** [Makefile:141: cmTC_39b14/fast] Error 2



